<?xml version="1.0" encoding="UTF-8"?>
<Site BuildName="Darwin-clang++"
	BuildStamp="20240409-0648-Experimental"
	Name="MacBook-Pro-Kirill-2.local"
	Generator="ctest-3.27.7"
	CompilerName="/usr/bin/clang++"
	CompilerVersion="15.0.0.15000309"
	OSName="macOS"
	Hostname="MacBook-Pro-Kirill-2.local"
	OSRelease="14.4"
	OSVersion="23E214"
	OSPlatform="arm64"
	Is64Bits="1"
	VendorString="IBM"
	VendorID="IBM"
	FamilyID="16777228"
	ModelID="2"
	ProcessorCacheSize="131072"
	NumberOfLogicalCPU="8"
	NumberOfPhysicalCPU="8"
	TotalVirtualMemory="1024"
	TotalPhysicalMemory="8192"
	LogicalProcessorsPerPhysical="8"
	ProcessorClockFrequency="0"
	>
	<Testing>
		<StartDateTime>Apr 09 09:55 +03</StartDateTime>
		<StartTestTime>1712645723</StartTestTime>
		<TestList/>
		<EndDateTime>Apr 09 09:55 +03</EndDateTime>
		<EndTestTime>1712645723</EndTestTime>
		<ElapsedMinutes>0</ElapsedMinutes>
	</Testing>
</Site>
